Copyright 1986-2014 Xilinx, Inc. All Rights Reserved.
---------------------------------------------------------------------------------------------------------------------------
| Tool Version     : Vivado v.2014.3.1 (lin64) Build 1056140 Thu Oct 30 16:30:39 MDT 2014
| Date             : Sun Nov  1 15:19:02 2015
| Host             : debian running 64-bit Debian GNU/Linux 8.2 (jessie)
| Command          : report_power -file system_wrapper_power_routed.rpt -pb system_wrapper_power_summary_routed.pb
| Design           : system_wrapper
| Device           : xc7z010clg400-1
| Design State     : Routed
| Grade            : commercial
| Process          : typical
| Characterization : Production
---------------------------------------------------------------------------------------------------------------------------

Power Report

Table of Contents
-----------------
1. Summary
1.1 On-Chip Components
1.2 Power Supply Summary
1.3 Confidence Level
2. Settings
2.1 Environment
2.2 Clock Constraints
3. Detailed Reports
3.1 By Hierarchy

1. Summary
----------

+--------------------------+-------+
| Total On-Chip Power (W)  | 1.521 |
| Dynamic (W)              | 1.391 |
| Device Static (W)        | 0.129 |
| Total Off-Chip Power (W) | 0.121 |
| Effective TJA (C/W)      | 11.5  |
| Max Ambient (C)          | 67.5  |
| Junction Temperature (C) | 42.5  |
| Confidence Level         | Low   |
| Setting File             | ---   |
| Simulation Activity File | ---   |
| Design Nets Matched      | NA    |
+--------------------------+-------+


1.1 On-Chip Components
----------------------

+--------------------------+-----------+----------+-----------+-----------------+
| On-Chip                  | Power (W) | Used     | Available | Utilization (%) |
+--------------------------+-----------+----------+-----------+-----------------+
| Clocks                   |     0.017 |        5 |       --- |             --- |
| Slice Logic              |     0.008 |    11368 |       --- |             --- |
|   LUT as Logic           |     0.008 |     3943 |     17600 |           22.40 |
|   Register               |    <0.001 |     5878 |     35200 |           16.69 |
|   CARRY4                 |    <0.001 |      107 |      4400 |            2.43 |
|   LUT as Distributed RAM |    <0.001 |       22 |      6000 |            0.36 |
|   F7/F8 Muxes            |    <0.001 |        3 |     17600 |            0.01 |
|   LUT as Shift Register  |    <0.001 |      155 |      6000 |            2.58 |
|   Others                 |     0.000 |      474 |       --- |             --- |
| Signals                  |     0.010 |     8039 |       --- |             --- |
| Block RAM                |     0.005 |        3 |        60 |            5.00 |
| I/O                      |     0.002 |        2 |       100 |            2.00 |
| PS7                      |     1.349 |        1 |       --- |             --- |
| Static Power             |     0.129 |          |           |                 |
| Total                    |     1.521 |          |           |                 |
+--------------------------+-----------+----------+-----------+-----------------+


1.2 Power Supply Summary
------------------------

+-----------+-------------+-----------+-------------+------------+
| Source    | Voltage (V) | Total (A) | Dynamic (A) | Static (A) |
+-----------+-------------+-----------+-------------+------------+
| Vccint    |       1.000 |     0.047 |       0.040 |      0.007 |
| Vccaux    |       1.800 |     0.012 |       0.000 |      0.012 |
| Vcco33    |       3.300 |     0.002 |       0.001 |      0.001 |
| Vcco25    |       2.500 |     0.000 |       0.000 |      0.000 |
| Vcco18    |       1.800 |     0.001 |       0.000 |      0.001 |
| Vcco15    |       1.500 |     0.001 |       0.000 |      0.001 |
| Vcco135   |       1.350 |     0.000 |       0.000 |      0.000 |
| Vcco12    |       1.200 |     0.000 |       0.000 |      0.000 |
| Vccaux_io |       1.800 |     0.000 |       0.000 |      0.000 |
| Vccbram   |       1.000 |     0.001 |       0.000 |      0.001 |
| MGTAVcc   |       1.000 |     0.000 |       0.000 |      0.000 |
| MGTAVtt   |       1.200 |     0.000 |       0.000 |      0.000 |
| MGTVccaux |       1.800 |     0.000 |       0.000 |      0.000 |
| Vccpint   |       1.000 |     0.417 |       0.388 |      0.028 |
| Vccpaux   |       1.800 |     0.069 |       0.058 |      0.010 |
| Vccpll    |       1.800 |     0.115 |       0.112 |      0.003 |
| Vcco_ddr  |       1.500 |     0.511 |       0.509 |      0.002 |
| Vcco_mio0 |       1.800 |     0.004 |       0.003 |      0.001 |
| Vcco_mio1 |       1.800 |     0.004 |       0.003 |      0.001 |
| Vccadc    |       1.800 |     0.020 |       0.000 |      0.020 |
+-----------+-------------+-----------+-------------+------------+


1.3 Confidence Level
--------------------

+-----------------------------+------------+--------------------------------------------------------+------------------------------------------------------------------------------------------------------------+
| User Input Data             | Confidence | Details                                                | Action                                                                                                     |
+-----------------------------+------------+--------------------------------------------------------+------------------------------------------------------------------------------------------------------------+
| Design implementation state | High       | Design is routed                                       |                                                                                                            |
| Clock nodes activity        | High       | User specified more than 95% of clocks                 |                                                                                                            |
| I/O nodes activity          | Low        | More than 75% of inputs are missing user specification | Provide missing input activity with simulation results or by editing the "By Resource Type -> I/Os" view   |
| Internal nodes activity     | Medium     | User specified less than 25% of internal nodes         | Provide missing internal nodes activity with simulation results or by editing the "By Resource Type" views |
| Device models               | High       | Device models are Production                           |                                                                                                            |
|                             |            |                                                        |                                                                                                            |
| Overall confidence level    | Low        |                                                        |                                                                                                            |
+-----------------------------+------------+--------------------------------------------------------+------------------------------------------------------------------------------------------------------------+


2. Settings
-----------

2.1 Environment
---------------

+-----------------------+------------------------+
| Ambient Temp (C)      | 25.0                   |
| ThetaJA (C/W)         | 11.5                   |
| Airflow (LFM)         | 250                    |
| Heat Sink             | none                   |
| ThetaSA (C/W)         | 0.0                    |
| Board Selection       | medium (10"x10")       |
| # of Board Layers     | 8to11 (8 to 11 Layers) |
| Board Temperature (C) | 25.0                   |
+-----------------------+------------------------+


2.2 Clock Constraints
---------------------

+------------+-----------------------------------------------------------+-----------------+
| Clock      | Domain                                                    | Constraint (ns) |
+------------+-----------------------------------------------------------+-----------------+
| clk_fpga_0 | system_i/processing_system7_0/inst/FCLK_CLK_unbuffered[0] |            10.0 |
+------------+-----------------------------------------------------------+-----------------+


3. Detailed Reports
-------------------

3.1 By Hierarchy
----------------

+----------------------------------------------------------------------+-----------+
| Name                                                                 | Power (W) |
+----------------------------------------------------------------------+-----------+
| system_wrapper                                                       |     1.391 |
|   iic_0_scl_iobuf                                                    |     0.001 |
|   iic_0_sda_iobuf                                                    |     0.001 |
|   system_i                                                           |     1.389 |
|     CryptoCP_0                                                       |     0.010 |
|       U0                                                             |     0.010 |
|         CryptoCP_v1_0_CPtoRAM_inst                                   |     0.006 |
|         CryptoCP_v1_0_DMActrl_inst                                   |    <0.001 |
|         CryptoCP_v1_0_Process_inst                                   |     0.002 |
|         CryptoCP_v1_0_RAMtoCP_inst                                   |     0.001 |
|     axi_dma_0                                                        |     0.014 |
|       U0                                                             |     0.014 |
|         I_AXI_DMA_REG_MODULE                                         |     0.001 |
|           GEN_AXI_LITE_IF.AXI_LITE_IF_I                              |    <0.001 |
|           GEN_MM2S_REGISTERS.I_MM2S_DMA_REGISTER                     |    <0.001 |
|           GEN_S2MM_REGISTERS.I_S2MM_DMA_REGISTER                     |    <0.001 |
|         I_MM2S_DMA_MNGR                                              |    <0.001 |
|           GEN_MM2S_DMA_CONTROL.GEN_SIMPLE_DMA_MODE.I_MM2S_SMPL_SM    |    <0.001 |
|           GEN_MM2S_DMA_CONTROL.I_MM2S_CMDSTS                         |    <0.001 |
|           GEN_MM2S_DMA_CONTROL.I_MM2S_STS_MNGR                       |    <0.001 |
|         I_PRMRY_DATAMOVER                                            |     0.012 |
|           GEN_MM2S_FULL.I_MM2S_FULL_WRAPPER                          |     0.005 |
|             ENABLE_AXIS_SKID.I_MM2S_SKID_BUF                         |    <0.001 |
|             GEN_INCLUDE_MM2S_DRE.I_DRE_16_to_64                      |    <0.001 |
|             GEN_INCLUDE_MM2S_SF.I_RD_SF                              |     0.003 |
|               INCLUDE_DRE_CNTL.I_DRE_CNTL_FIFO                       |    <0.001 |
|                 USE_SRL_FIFO.I_SYNC_FIFO                             |    <0.001 |
|                   I_SRL_FIFO_RBU_F                                   |    <0.001 |
|                     CNTR_INCR_DECR_ADDN_F_I                          |    <0.001 |
|                     DYNSHREG_F_I                                     |    <0.001 |
|               I_DATA_FIFO                                            |     0.003 |
|                 BLK_MEM.I_SYNC_FIFOGEN_FIFO                          |     0.003 |
|                   FAMILY_SUPPORTED.I_SYNC_FIFO_BRAM                  |     0.003 |
|                     inst_fifo_gen                                    |     0.003 |
|                       gconvfifo.rf                                   |     0.003 |
|                         grf.rf                                       |     0.003 |
|                           gntv_or_sync_fifo.gl0.rd                   |    <0.001 |
|                             gr1.rfwft                                |    <0.001 |
|                             grss.gdc.dc                              |    <0.001 |
|                               gsym_dc.dc                             |    <0.001 |
|                             grss.rsts                                |    <0.001 |
|                               c1                                     |     0.000 |
|                               c2                                     |    <0.001 |
|                             rpntr                                    |    <0.001 |
|                           gntv_or_sync_fifo.gl0.wr                   |    <0.001 |
|                             gwss.wsts                                |    <0.001 |
|                               c0                                     |     0.000 |
|                               c1                                     |    <0.001 |
|                             wpntr                                    |    <0.001 |
|                           gntv_or_sync_fifo.mem                      |     0.002 |
|                             gbm.gbmg.gbmgb.ngecc.bmg                 |     0.002 |
|                               inst_blk_mem_gen                       |     0.002 |
|                                 gnativebmg.native_blk_mem_gen        |     0.002 |
|                                   valid.cstr                         |     0.002 |
|                                     ramloop[0].ram.r                 |    <0.001 |
|                                       prim_noinit.ram                |    <0.001 |
|                                     ramloop[1].ram.r                 |     0.002 |
|                                       prim_noinit.ram                |     0.002 |
|             I_ADDR_CNTL                                              |    <0.001 |
|             I_CMD_STATUS                                             |    <0.001 |
|               GEN_INCLUDE_STATUS_FIFO.I_STS_FIFO                     |    <0.001 |
|               I_CMD_FIFO                                             |    <0.001 |
|             I_MSTR_PCC                                               |    <0.001 |
|             I_RD_DATA_CNTL                                           |    <0.001 |
|             I_RD_STATUS_CNTLR                                        |    <0.001 |
|             I_RESET                                                  |    <0.001 |
|           GEN_S2MM_FULL.I_S2MM_FULL_WRAPPER                          |     0.007 |
|             ENABLE_AXIS_SKID.I_S2MM_STRM_SKID_BUF                    |    <0.001 |
|             GEN_ENABLE_INDET_BTT_SF.I_INDET_BTT                      |     0.003 |
|               ENABLE_AXIS_SKID.I_INDET_BTT_SKID_BUF                  |    <0.001 |
|               I_DATA_FIFO                                            |     0.002 |
|                 BLK_MEM.I_SYNC_FIFOGEN_FIFO                          |     0.002 |
|                   FAMILY_SUPPORTED.I_SYNC_FIFO_BRAM                  |     0.002 |
|                     inst_fifo_gen                                    |     0.002 |
|                       gconvfifo.rf                                   |     0.002 |
|                         grf.rf                                       |     0.002 |
|                           gntv_or_sync_fifo.gl0.rd                   |    <0.001 |
|                             gr1.rfwft                                |    <0.001 |
|                             grss.rsts                                |    <0.001 |
|                               c1                                     |     0.000 |
|                               c2                                     |    <0.001 |
|                             rpntr                                    |    <0.001 |
|                           gntv_or_sync_fifo.gl0.wr                   |    <0.001 |
|                             gwss.wsts                                |    <0.001 |
|                               c0                                     |     0.000 |
|                               c1                                     |    <0.001 |
|                             wpntr                                    |    <0.001 |
|                           gntv_or_sync_fifo.mem                      |     0.002 |
|                             gbm.gbmg.gbmgb.ngecc.bmg                 |     0.002 |
|                               inst_blk_mem_gen                       |     0.002 |
|                                 gnativebmg.native_blk_mem_gen        |     0.002 |
|                                   valid.cstr                         |     0.002 |
|                                     ramloop[0].ram.r                 |    <0.001 |
|                                       prim_noinit.ram                |    <0.001 |
|                                     ramloop[1].ram.r                 |     0.001 |
|                                       prim_noinit.ram                |     0.001 |
|               I_XD_FIFO                                              |    <0.001 |
|                 NON_BLK_MEM.I_SYNC_FIFOGEN_FIFO                      |    <0.001 |
|                   FAMILY_SUPPORTED.I_SYNC_FIFO_BRAM                  |    <0.001 |
|                     inst_fifo_gen                                    |    <0.001 |
|                       gconvfifo.rf                                   |    <0.001 |
|                         grf.rf                                       |    <0.001 |
|                           gntv_or_sync_fifo.gl0.rd                   |    <0.001 |
|                             grhf.rhf                                 |    <0.001 |
|                             grss.gdc.dc                              |    <0.001 |
|                               gsym_dc.dc                             |    <0.001 |
|                             grss.rsts                                |    <0.001 |
|                             rpntr                                    |    <0.001 |
|                           gntv_or_sync_fifo.gl0.wr                   |    <0.001 |
|                             gwss.wsts                                |    <0.001 |
|                             wpntr                                    |    <0.001 |
|                           gntv_or_sync_fifo.mem                      |    <0.001 |
|                             gdm.dm                                   |    <0.001 |
|                               RAM_reg_0_3_0_5                        |    <0.001 |
|                               RAM_reg_0_3_12_12                      |    <0.001 |
|                               RAM_reg_0_3_6_11                       |    <0.001 |
|             GEN_INCLUDE_IBTTCC.I_S2MM_MSTR_IBTTCC                    |     0.001 |
|             GEN_INCLUDE_REALIGNER.I_S2MM_REALIGNER                   |     0.001 |
|               GEN_INCLUDE_DRE.I_S2MM_DRE_BLOCK                       |    <0.001 |
|               GEN_INCLUDE_SCATTER.I_S2MM_SCATTER                     |    <0.001 |
|                 I_MSSAI_SKID_BUF                                     |    <0.001 |
|                 I_TSTRB_FIFO                                         |    <0.001 |
|                   USE_SRL_FIFO.I_SYNC_FIFO                           |    <0.001 |
|                     I_SRL_FIFO_RBU_F                                 |    <0.001 |
|                       CNTR_INCR_DECR_ADDN_F_I                        |    <0.001 |
|                       DYNSHREG_F_I                                   |    <0.001 |
|                 SLICE_INSERTION                                      |    <0.001 |
|               I_DRE_CNTL_FIFO                                        |    <0.001 |
|                 USE_SRL_FIFO.I_SYNC_FIFO                             |    <0.001 |
|                   I_SRL_FIFO_RBU_F                                   |    <0.001 |
|                     CNTR_INCR_DECR_ADDN_F_I                          |    <0.001 |
|                     DYNSHREG_F_I                                     |    <0.001 |
|             I_ADDR_CNTL                                              |    <0.001 |
|             I_CMD_STATUS                                             |    <0.001 |
|               GEN_INCLUDE_STATUS_FIFO.I_STS_FIFO                     |    <0.001 |
|               I_CMD_FIFO                                             |    <0.001 |
|             I_RESET                                                  |    <0.001 |
|             I_S2MM_MMAP_SKID_BUF                                     |    <0.001 |
|             I_WR_DATA_CNTL                                           |    <0.001 |
|             I_WR_STATUS_CNTLR                                        |    <0.001 |
|               GEN_ENABLE_INDET_BTT.I_SF_DATA_CNTL_STATUS_FIFO        |    <0.001 |
|                 USE_SRL_FIFO.I_SYNC_FIFO                             |    <0.001 |
|                   I_SRL_FIFO_RBU_F                                   |    <0.001 |
|                     CNTR_INCR_DECR_ADDN_F_I                          |    <0.001 |
|                     DYNSHREG_F_I                                     |    <0.001 |
|               I_WRESP_STATUS_FIFO                                    |    <0.001 |
|                 USE_SRL_FIFO.I_SYNC_FIFO                             |    <0.001 |
|                   I_SRL_FIFO_RBU_F                                   |    <0.001 |
|                     CNTR_INCR_DECR_ADDN_F_I                          |    <0.001 |
|                     DYNSHREG_F_I                                     |    <0.001 |
|         I_RST_MODULE                                                 |    <0.001 |
|           GEN_RESET_FOR_MM2S.RESET_I                                 |    <0.001 |
|           GEN_RESET_FOR_S2MM.RESET_I                                 |    <0.001 |
|           REG_HRD_RST                                                |    <0.001 |
|           REG_HRD_RST_OUT                                            |    <0.001 |
|         I_S2MM_DMA_MNGR                                              |    <0.001 |
|           GEN_S2MM_DMA_CONTROL.GEN_SIMPLE_DMA_MODE.I_S2MM_SMPL_SM    |    <0.001 |
|           GEN_S2MM_DMA_CONTROL.I_S2MM_CMDSTS                         |    <0.001 |
|           GEN_S2MM_DMA_CONTROL.I_S2MM_STS_MNGR                       |    <0.001 |
|     axi_interconnect_0                                               |     0.009 |
|       m00_couplers                                                   |     0.003 |
|         auto_pc                                                      |     0.003 |
|           inst                                                       |     0.003 |
|             gen_axi4_axi3.axi3_conv_inst                             |     0.003 |
|               USE_READ.USE_SPLIT_R.read_addr_inst                    |     0.002 |
|                 USE_R_CHANNEL.cmd_queue                              |    <0.001 |
|                   inst                                               |    <0.001 |
|                     fifo_gen_inst                                    |    <0.001 |
|                       inst_fifo_gen                                  |    <0.001 |
|                         gconvfifo.rf                                 |    <0.001 |
|                           grf.rf                                     |    <0.001 |
|                             gntv_or_sync_fifo.gl0.rd                 |    <0.001 |
|                               gr1.rfwft                              |    <0.001 |
|                               grss.rsts                              |    <0.001 |
|                               rpntr                                  |    <0.001 |
|                             gntv_or_sync_fifo.gl0.wr                 |    <0.001 |
|                               gwss.wsts                              |    <0.001 |
|                               wpntr                                  |    <0.001 |
|                             gntv_or_sync_fifo.mem                    |    <0.001 |
|                               gdm.dm                                 |    <0.001 |
|                                 RAM_reg_0_31_0_0                     |    <0.001 |
|                             rstblk                                   |    <0.001 |
|               USE_WRITE.USE_SPLIT_W.write_resp_inst                  |    <0.001 |
|               USE_WRITE.write_addr_inst                              |     0.002 |
|                 USE_BURSTS.cmd_queue                                 |    <0.001 |
|                   inst                                               |    <0.001 |
|                     fifo_gen_inst                                    |    <0.001 |
|                       inst_fifo_gen                                  |    <0.001 |
|                         gconvfifo.rf                                 |    <0.001 |
|                           grf.rf                                     |    <0.001 |
|                             gntv_or_sync_fifo.gl0.rd                 |    <0.001 |
|                               gr1.rfwft                              |    <0.001 |
|                               grss.rsts                              |    <0.001 |
|                               rpntr                                  |    <0.001 |
|                             gntv_or_sync_fifo.gl0.wr                 |    <0.001 |
|                               gwss.wsts                              |    <0.001 |
|                               wpntr                                  |    <0.001 |
|                             gntv_or_sync_fifo.mem                    |    <0.001 |
|                               gdm.dm                                 |    <0.001 |
|                                 RAM_reg_0_31_0_4                     |    <0.001 |
|                             rstblk                                   |    <0.001 |
|                 USE_B_CHANNEL.cmd_b_queue                            |    <0.001 |
|                   inst                                               |    <0.001 |
|                     fifo_gen_inst                                    |    <0.001 |
|                       inst_fifo_gen                                  |    <0.001 |
|                         gconvfifo.rf                                 |    <0.001 |
|                           grf.rf                                     |    <0.001 |
|                             gntv_or_sync_fifo.gl0.rd                 |    <0.001 |
|                               gr1.rfwft                              |    <0.001 |
|                               grss.rsts                              |    <0.001 |
|                               rpntr                                  |    <0.001 |
|                             gntv_or_sync_fifo.gl0.wr                 |    <0.001 |
|                               gwss.wsts                              |    <0.001 |
|                               wpntr                                  |    <0.001 |
|                             gntv_or_sync_fifo.mem                    |    <0.001 |
|                               gdm.dm                                 |    <0.001 |
|                                 RAM_reg_0_31_0_4                     |    <0.001 |
|                             rstblk                                   |    <0.001 |
|               USE_WRITE.write_data_inst                              |    <0.001 |
|       s00_couplers                                                   |     0.001 |
|         auto_us                                                      |     0.001 |
|           inst                                                       |     0.001 |
|             gen_upsizer.gen_full_upsizer.axi_upsizer_inst            |     0.001 |
|               USE_READ.gen_non_fifo_r_upsizer.mi_register_slice_inst |    <0.001 |
|                 r_pipe                                               |    <0.001 |
|               USE_READ.gen_non_fifo_r_upsizer.read_data_inst         |    <0.001 |
|               USE_READ.read_addr_inst                                |    <0.001 |
|                 GEN_CMD_QUEUE.cmd_queue                              |    <0.001 |
|               si_register_slice_inst                                 |    <0.001 |
|                 ar_pipe                                              |    <0.001 |
|       s01_couplers                                                   |     0.001 |
|         auto_us                                                      |     0.001 |
|           inst                                                       |     0.001 |
|             gen_upsizer.gen_full_upsizer.axi_upsizer_inst            |     0.001 |
|               USE_WRITE.gen_non_fifo_w_upsizer.write_data_inst       |    <0.001 |
|               USE_WRITE.write_addr_inst                              |    <0.001 |
|                 GEN_CMD_QUEUE.cmd_queue                              |    <0.001 |
|               si_register_slice_inst                                 |    <0.001 |
|                 aw_pipe                                              |    <0.001 |
|       xbar                                                           |     0.003 |
|         inst                                                         |     0.003 |
|           gen_samd.crossbar_samd                                     |     0.003 |
|             addr_arbiter_ar                                          |    <0.001 |
|             addr_arbiter_aw                                          |    <0.001 |
|             gen_decerr_slave.decerr_slave_inst                       |    <0.001 |
|             gen_master_slots[0].gen_mi_write.wdata_mux_w             |    <0.001 |
|               gen_wmux.wmux_aw_fifo                                  |    <0.001 |
|                 gen_srls[0].gen_rep[0].srl_nx1                       |    <0.001 |
|             gen_master_slots[0].reg_slice_mi                         |    <0.001 |
|               b_pipe                                                 |    <0.001 |
|               r_pipe                                                 |    <0.001 |
|             gen_master_slots[1].gen_mi_write.wdata_mux_w             |    <0.001 |
|               gen_wmux.wmux_aw_fifo                                  |    <0.001 |
|                 gen_srls[0].gen_rep[0].srl_nx1                       |    <0.001 |
|             gen_master_slots[1].reg_slice_mi                         |    <0.001 |
|               b_pipe                                                 |    <0.001 |
|               r_pipe                                                 |    <0.001 |
|             gen_slave_slots[0].gen_si_read.si_transactor_ar          |    <0.001 |
|             gen_slave_slots[1].gen_si_write.si_transactor_aw         |    <0.001 |
|             gen_slave_slots[1].gen_si_write.splitter_aw_si           |    <0.001 |
|             gen_slave_slots[1].gen_si_write.wdata_router_w           |    <0.001 |
|               wrouter_aw_fifo                                        |    <0.001 |
|                 gen_srls[0].gen_rep[0].srl_nx1                       |    <0.001 |
|             splitter_aw_mi                                           |    <0.001 |
|     ground                                                           |     0.000 |
|     proc_sys_reset_0                                                 |    <0.001 |
|       U0                                                             |    <0.001 |
|         EXT_LPF                                                      |    <0.001 |
|           ACTIVE_LOW_EXT.ACT_LO_EXT                                  |    <0.001 |
|         SEQ                                                          |    <0.001 |
|           SEQ_COUNTER                                                |    <0.001 |
|     processing_system7_0                                             |     1.349 |
|       inst                                                           |     1.349 |
|     processing_system7_0_axi_periph                                  |     0.007 |
|       m00_couplers                                                   |    <0.001 |
|         m00_regslice                                                 |    <0.001 |
|           inst                                                       |    <0.001 |
|             ar_pipe                                                  |    <0.001 |
|             aw_pipe                                                  |    <0.001 |
|             b_pipe                                                   |    <0.001 |
|             r_pipe                                                   |    <0.001 |
|             w_pipe                                                   |    <0.001 |
|       s00_couplers                                                   |     0.005 |
|         auto_pc                                                      |     0.005 |
|           inst                                                       |     0.005 |
|             gen_axilite.gen_b2s_conv.axilite_b2s                     |     0.005 |
|               RD.ar_channel_0                                        |    <0.001 |
|                 ar_cmd_fsm_0                                         |    <0.001 |
|                 cmd_translator_0                                     |    <0.001 |
|                   incr_cmd_0                                         |    <0.001 |
|                   wrap_cmd_0                                         |    <0.001 |
|               RD.r_channel_0                                         |     0.002 |
|                 rd_data_fifo_0                                       |     0.001 |
|                 transaction_fifo_0                                   |    <0.001 |
|               SI_REG                                                 |     0.001 |
|                 ar_pipe                                              |    <0.001 |
|                 aw_pipe                                              |    <0.001 |
|                 b_pipe                                               |    <0.001 |
|                 r_pipe                                               |    <0.001 |
|               WR.aw_channel_0                                        |    <0.001 |
|                 aw_cmd_fsm_0                                         |    <0.001 |
|                 cmd_translator_0                                     |    <0.001 |
|                   incr_cmd_0                                         |    <0.001 |
|                   wrap_cmd_0                                         |    <0.001 |
|               WR.b_channel_0                                         |    <0.001 |
|                 bid_fifo_0                                           |    <0.001 |
|                 bresp_fifo_0                                         |    <0.001 |
|       xbar                                                           |     0.001 |
|         inst                                                         |     0.001 |
|           gen_sasd.crossbar_sasd_0                                   |     0.001 |
|             addr_arbiter_inst                                        |    <0.001 |
|             gen_decerr.decerr_slave_inst                             |    <0.001 |
|             reg_slice_r                                              |    <0.001 |
|             splitter_ar                                              |    <0.001 |
|             splitter_aw                                              |    <0.001 |
+----------------------------------------------------------------------+-----------+


